  myMarie.cpp
D:\项目\Project4\myMarie.cpp(349,16): warning C4244: “=”: 从“double”转换到“int”，可能丢失数据
D:\项目\Project4\myMarie.cpp(388,25): warning C4244: “参数”: 从“double”转换到“int”，可能丢失数据
D:\项目\Project4\myMarie.cpp(388,16): warning C4244: “参数”: 从“double”转换到“int”，可能丢失数据
D:\项目\Project4\myMarie.cpp(462,25): warning C4244: “参数”: 从“double”转换到“int”，可能丢失数据
D:\项目\Project4\myMarie.cpp(462,16): warning C4244: “参数”: 从“double”转换到“int”，可能丢失数据
D:\项目\Project4\myMarie.cpp(521,45): warning C4244: “参数”: 从“double”转换到“int”，可能丢失数据
D:\项目\Project4\myMarie.cpp(521,28): warning C4244: “参数”: 从“double”转换到“int”，可能丢失数据
D:\项目\Project4\myMarie.cpp(527,54): warning C4244: “参数”: 从“double”转换到“int”，可能丢失数据
D:\项目\Project4\myMarie.cpp(527,37): warning C4244: “参数”: 从“double”转换到“int”，可能丢失数据
D:\项目\Project4\myMarie.cpp(532,53): warning C4244: “参数”: 从“double”转换到“int”，可能丢失数据
D:\项目\Project4\myMarie.cpp(532,36): warning C4244: “参数”: 从“double”转换到“int”，可能丢失数据
D:\项目\Project4\myMarie.cpp(536,45): warning C4244: “参数”: 从“double”转换到“int”，可能丢失数据
D:\项目\Project4\myMarie.cpp(536,28): warning C4244: “参数”: 从“double”转换到“int”，可能丢失数据
D:\项目\Project4\myMarie.cpp(540,45): warning C4244: “参数”: 从“double”转换到“int”，可能丢失数据
D:\项目\Project4\myMarie.cpp(540,28): warning C4244: “参数”: 从“double”转换到“int”，可能丢失数据
D:\项目\Project4\myMarie.cpp(546,55): warning C4244: “参数”: 从“double”转换到“int”，可能丢失数据
D:\项目\Project4\myMarie.cpp(546,38): warning C4244: “参数”: 从“double”转换到“int”，可能丢失数据
D:\项目\Project4\myMarie.cpp(552,55): warning C4244: “参数”: 从“double”转换到“int”，可能丢失数据
D:\项目\Project4\myMarie.cpp(552,38): warning C4244: “参数”: 从“double”转换到“int”，可能丢失数据
D:\项目\Project4\myMarie.cpp(556,45): warning C4244: “参数”: 从“double”转换到“int”，可能丢失数据
D:\项目\Project4\myMarie.cpp(556,28): warning C4244: “参数”: 从“double”转换到“int”，可能丢失数据
D:\项目\Project4\myMarie.cpp(560,45): warning C4244: “参数”: 从“double”转换到“int”，可能丢失数据
D:\项目\Project4\myMarie.cpp(560,28): warning C4244: “参数”: 从“double”转换到“int”，可能丢失数据
D:\项目\Project4\myMarie.cpp(564,45): warning C4244: “参数”: 从“double”转换到“int”，可能丢失数据
D:\项目\Project4\myMarie.cpp(564,28): warning C4244: “参数”: 从“double”转换到“int”，可能丢失数据
D:\项目\Project4\myMarie.cpp(568,45): warning C4244: “参数”: 从“double”转换到“int”，可能丢失数据
D:\项目\Project4\myMarie.cpp(568,28): warning C4244: “参数”: 从“double”转换到“int”，可能丢失数据
D:\项目\Project4\myMarie.cpp(581,26): warning C4244: “参数”: 从“double”转换到“int”，可能丢失数据
D:\项目\Project4\myMarie.cpp(581,17): warning C4244: “参数”: 从“double”转换到“int”，可能丢失数据
D:\项目\Project4\myMarie.cpp(607,45): warning C4244: “参数”: 从“double”转换到“int”，可能丢失数据
D:\项目\Project4\myMarie.cpp(607,28): warning C4244: “参数”: 从“double”转换到“int”，可能丢失数据
D:\项目\Project4\myMarie.cpp(611,45): warning C4244: “参数”: 从“double”转换到“int”，可能丢失数据
D:\项目\Project4\myMarie.cpp(611,28): warning C4244: “参数”: 从“double”转换到“int”，可能丢失数据
D:\项目\Project4\myMarie.cpp(615,45): warning C4244: “参数”: 从“double”转换到“int”，可能丢失数据
D:\项目\Project4\myMarie.cpp(615,28): warning C4244: “参数”: 从“double”转换到“int”，可能丢失数据
D:\项目\Project4\myMarie.cpp(619,45): warning C4244: “参数”: 从“double”转换到“int”，可能丢失数据
D:\项目\Project4\myMarie.cpp(619,28): warning C4244: “参数”: 从“double”转换到“int”，可能丢失数据
D:\项目\Project4\myMarie.cpp(623,45): warning C4244: “参数”: 从“double”转换到“int”，可能丢失数据
D:\项目\Project4\myMarie.cpp(623,28): warning C4244: “参数”: 从“double”转换到“int”，可能丢失数据
D:\项目\Project4\myMarie.cpp(627,45): warning C4244: “参数”: 从“double”转换到“int”，可能丢失数据
D:\项目\Project4\myMarie.cpp(627,28): warning C4244: “参数”: 从“double”转换到“int”，可能丢失数据
D:\项目\Project4\myMarie.cpp(631,45): warning C4244: “参数”: 从“double”转换到“int”，可能丢失数据
D:\项目\Project4\myMarie.cpp(631,28): warning C4244: “参数”: 从“double”转换到“int”，可能丢失数据
D:\项目\Project4\myMarie.cpp(635,45): warning C4244: “参数”: 从“double”转换到“int”，可能丢失数据
D:\项目\Project4\myMarie.cpp(635,28): warning C4244: “参数”: 从“double”转换到“int”，可能丢失数据
D:\项目\Project4\myMarie.cpp(639,45): warning C4244: “参数”: 从“double”转换到“int”，可能丢失数据
D:\项目\Project4\myMarie.cpp(639,28): warning C4244: “参数”: 从“double”转换到“int”，可能丢失数据
D:\项目\Project4\myMarie.cpp(643,45): warning C4244: “参数”: 从“double”转换到“int”，可能丢失数据
D:\项目\Project4\myMarie.cpp(643,28): warning C4244: “参数”: 从“double”转换到“int”，可能丢失数据
D:\项目\Project4\myMarie.cpp(647,45): warning C4244: “参数”: 从“double”转换到“int”，可能丢失数据
D:\项目\Project4\myMarie.cpp(647,28): warning C4244: “参数”: 从“double”转换到“int”，可能丢失数据
D:\项目\Project4\myMarie.cpp(664,26): warning C4244: “参数”: 从“double”转换到“int”，可能丢失数据
D:\项目\Project4\myMarie.cpp(664,17): warning C4244: “参数”: 从“double”转换到“int”，可能丢失数据
D:\项目\Project4\myMarie.cpp(874,30): warning C4244: “=”: 从“double”转换到“int”，可能丢失数据
D:\项目\Project4\myMarie.cpp(875,30): warning C4244: “=”: 从“double”转换到“int”，可能丢失数据
D:\项目\Project4\myMarie.cpp(760,11): warning C4101: “lm”: 未引用的局部变量
D:\项目\Project4\myMarie.cpp(766,11): warning C4101: “lm”: 未引用的局部变量
D:\项目\Project4\myMarie.cpp(823,9): warning C4101: “i”: 未引用的局部变量
D:\项目\Project4\myMarie.cpp(836,9): warning C4101: “i”: 未引用的局部变量
  Project4.vcxproj -> D:\项目\Project4\x64\Debug\Project4.exe
